# UMI-tools version: 1.0.0
# output generated by group -I /media/garner1/hdd2/BC145/bamfiles/S5.bam --paired --group-out=grouped.1.tsv --log=grouped.1.log --mapping-quality=30 --umi-separator=: --chrom 1
# job started at Tue Jul  9 15:58:58 2019 on P920 -- c6e278e0-f477-4b23-9222-3bd614b83cf0
# pid: 9977, system: Linux 4.15.0-54-generic #58-Ubuntu SMP Mon Jun 24 10:55:24 UTC 2019 x86_64
# assigned_tag                            : None
# cell_tag                                : None
# cell_tag_delim                          : None
# cell_tag_split                          : -
# chimeric_pairs                          : use
# chrom                                   : 1
# compresslevel                           : 6
# detection_method                        : None
# gene_tag                                : None
# gene_transcript_map                     : None
# get_umi_method                          : read_id
# ignore_umi                              : False
# in_sam                                  : False
# log2stderr                              : False
# loglevel                                : 1
# mapping_quality                         : 30
# method                                  : directional
# no_sort_output                          : False
# out_sam                                 : False
# output_bam                              : False
# output_unmapped                         : False
# paired                                  : True
# per_cell                                : False
# per_contig                              : False
# per_gene                                : False
# random_seed                             : None
# read_length                             : False
# short_help                              : None
# skip_regex                              : ^(__|Unassigned)
# soft_clip_threshold                     : 4
# spliced                                 : False
# stderr                                  : <_io.TextIOWrapper name='<stderr>' mode='w' encoding='UTF-8'>
# stdin                                   : <_io.TextIOWrapper name='/media/garner1/hdd2/BC145/bamfiles/S5.bam' mode='r' encoding='UTF-8'>
# stdlog                                  : <_io.TextIOWrapper name='grouped.1.log' mode='a' encoding='UTF-8'>
# stdout                                  : <_io.TextIOWrapper name='<stdout>' mode='w' encoding='UTF-8'>
# subset                                  : None
# threshold                               : 1
# timeit_file                             : None
# timeit_header                           : None
# timeit_name                             : all
# tmpdir                                  : None
# tsv                                     : grouped.1.tsv
# umi_group_tag                           : BX
# umi_sep                                 : :
# umi_tag                                 : RX
# umi_tag_delim                           : None
# umi_tag_split                           : None
# unmapped_reads                          : discard
# unpaired_reads                          : use
# whole_contig                            : False
2019-07-09 15:58:58,724 WARNING Chimeric read pairs are being used. Some read pair UMIs may be grouped/deduplicated using just the mapping coordinates from read1.This may also increase the run time and memory usage. Consider --chimeric-pairs==discard to discard these reads or --chimeric-pairs==output (group command only) to output them without grouping
2019-07-09 15:58:58,724 WARNING Unpaired read pairs are being used. Some read pair UMIs may be grouped/deduplicated using just the mapping coordinates from read1.This may also increase the run time and memory usage. Consider --unpared-reads==discard to discard these reads or --unpared-reads==output (group command only) to output them without grouping
2019-07-09 15:58:58,724 INFO command: group -I /media/garner1/hdd2/BC145/bamfiles/S5.bam --paired --group-out=grouped.1.tsv --log=grouped.1.log --mapping-quality=30 --umi-separator=: --chrom 1
2019-07-09 16:07:29,571 INFO Written out 10000 reads
2019-07-09 16:07:29,578 INFO Written out 20000 reads
2019-07-09 16:07:29,578 INFO Written out 30000 reads
2019-07-09 16:07:29,578 INFO Written out 40000 reads
2019-07-09 16:07:29,578 INFO Written out 50000 reads
2019-07-09 16:07:29,578 INFO Written out 60000 reads
2019-07-09 16:07:29,578 INFO Written out 70000 reads
2019-07-09 16:07:29,578 INFO Written out 80000 reads
2019-07-09 16:07:29,578 INFO Written out 90000 reads
2019-07-09 16:07:29,578 INFO Written out 100000 reads
2019-07-09 16:07:29,578 INFO Written out 110000 reads
2019-07-09 16:07:29,578 INFO Written out 120000 reads
2019-07-09 16:07:29,578 INFO Written out 130000 reads
2019-07-09 16:07:29,578 INFO Written out 140000 reads
2019-07-09 16:07:29,579 INFO Written out 150000 reads
2019-07-09 16:07:29,579 INFO Written out 160000 reads
2019-07-09 16:07:29,579 INFO Written out 170000 reads
2019-07-09 16:07:29,579 INFO Written out 180000 reads
2019-07-09 16:07:29,579 INFO Written out 190000 reads
2019-07-09 16:07:29,579 INFO Written out 200000 reads
2019-07-09 16:07:29,579 INFO Written out 210000 reads
2019-07-09 16:07:29,579 INFO Written out 220000 reads
2019-07-09 16:07:29,579 INFO Written out 230000 reads
2019-07-09 16:07:29,579 INFO Written out 240000 reads
2019-07-09 16:07:29,579 INFO Written out 250000 reads
2019-07-09 16:07:29,579 INFO Written out 260000 reads
2019-07-09 16:07:29,579 INFO Written out 270000 reads
2019-07-09 16:07:29,579 INFO Written out 280000 reads
2019-07-09 16:07:29,579 INFO Written out 290000 reads
2019-07-09 16:07:29,579 INFO Written out 300000 reads
2019-07-09 16:07:29,579 INFO Written out 310000 reads
2019-07-09 16:07:29,579 INFO Written out 320000 reads
2019-07-09 16:07:29,579 INFO Written out 330000 reads
2019-07-09 16:07:29,579 INFO Written out 340000 reads
2019-07-09 16:07:29,579 INFO Written out 350000 reads
2019-07-09 16:07:29,579 INFO Written out 360000 reads
2019-07-09 16:07:29,579 INFO Written out 370000 reads
2019-07-09 16:07:29,579 INFO Written out 380000 reads
2019-07-09 16:07:29,579 INFO Written out 390000 reads
2019-07-09 16:07:29,579 INFO Written out 400000 reads
2019-07-09 16:07:29,579 INFO Written out 410000 reads
2019-07-09 16:07:29,579 INFO Written out 420000 reads
2019-07-09 16:07:29,579 INFO Written out 430000 reads
2019-07-09 16:07:29,579 INFO Written out 440000 reads
2019-07-09 16:07:29,579 INFO Written out 450000 reads
2019-07-09 16:07:29,579 INFO Written out 460000 reads
2019-07-09 16:07:29,579 INFO Written out 470000 reads
2019-07-09 16:07:29,579 INFO Written out 480000 reads
2019-07-09 16:07:29,579 INFO Written out 490000 reads
2019-07-09 16:07:29,579 INFO Written out 500000 reads
2019-07-09 16:07:29,579 INFO Written out 510000 reads
2019-07-09 16:07:29,579 INFO Written out 520000 reads
2019-07-09 16:07:29,579 INFO Written out 530000 reads
2019-07-09 16:07:29,579 INFO Written out 540000 reads
2019-07-09 16:07:29,579 INFO Written out 550000 reads
2019-07-09 16:07:29,579 INFO Written out 560000 reads
2019-07-09 16:07:29,579 INFO Written out 570000 reads
2019-07-09 16:07:29,579 INFO Written out 580000 reads
2019-07-09 16:07:29,579 INFO Written out 590000 reads
2019-07-09 16:07:29,579 INFO Written out 600000 reads
2019-07-09 16:07:29,579 INFO Written out 610000 reads
2019-07-09 16:07:29,579 INFO Written out 620000 reads
2019-07-09 16:07:29,579 INFO Written out 630000 reads
2019-07-09 16:07:29,579 INFO Written out 640000 reads
2019-07-09 16:07:29,579 INFO Written out 650000 reads
2019-07-09 16:07:29,580 INFO Written out 660000 reads
2019-07-09 16:07:29,580 INFO Written out 670000 reads
2019-07-09 16:07:29,580 INFO Written out 680000 reads
2019-07-09 16:07:29,580 INFO Written out 690000 reads
2019-07-09 16:07:29,580 INFO Written out 700000 reads
2019-07-09 16:07:29,580 INFO Written out 710000 reads
2019-07-09 16:07:29,580 INFO Written out 720000 reads
2019-07-09 16:07:29,580 INFO Written out 730000 reads
2019-07-09 16:07:29,580 INFO Written out 740000 reads
2019-07-09 16:07:29,580 INFO Written out 750000 reads
2019-07-09 16:07:29,580 INFO Written out 760000 reads
2019-07-09 16:07:29,580 INFO Written out 770000 reads
2019-07-09 16:07:29,580 INFO Written out 780000 reads
2019-07-09 16:07:29,580 INFO Written out 790000 reads
2019-07-09 16:07:29,580 INFO Written out 800000 reads
2019-07-09 16:07:29,580 INFO Written out 810000 reads
2019-07-09 16:07:29,580 INFO Written out 820000 reads
2019-07-09 16:07:29,580 INFO Written out 830000 reads
2019-07-09 16:07:29,580 INFO Written out 840000 reads
2019-07-09 16:07:29,580 INFO Written out 850000 reads
2019-07-09 16:07:29,580 INFO Written out 860000 reads
2019-07-09 16:07:29,580 INFO Written out 870000 reads
2019-07-09 16:07:29,580 INFO Written out 880000 reads
2019-07-09 16:07:29,580 INFO Written out 890000 reads
2019-07-09 16:07:29,580 INFO Written out 900000 reads
2019-07-09 16:07:29,580 INFO Written out 910000 reads
2019-07-09 16:07:29,580 INFO Written out 920000 reads
2019-07-09 16:07:29,580 INFO Written out 930000 reads
2019-07-09 16:07:29,580 INFO Written out 940000 reads
2019-07-09 16:07:29,580 INFO Written out 950000 reads
2019-07-09 16:07:29,580 INFO Written out 960000 reads
2019-07-09 16:07:29,580 INFO Written out 970000 reads
2019-07-09 16:07:29,580 INFO Written out 980000 reads
2019-07-09 16:07:29,580 INFO Written out 990000 reads
2019-07-09 16:07:29,580 INFO Written out 1000000 reads
2019-07-09 16:07:29,580 INFO Written out 1010000 reads
2019-07-09 16:07:29,580 INFO Written out 1020000 reads
2019-07-09 16:07:29,580 INFO Written out 1030000 reads
2019-07-09 16:07:29,580 INFO Written out 1040000 reads
2019-07-09 16:07:29,580 INFO Written out 1050000 reads
2019-07-09 16:07:29,580 INFO Written out 1060000 reads
2019-07-09 16:07:29,580 INFO Written out 1070000 reads
2019-07-09 16:07:29,580 INFO Written out 1080000 reads
2019-07-09 16:07:29,580 INFO Written out 1090000 reads
2019-07-09 16:07:29,580 INFO Written out 1100000 reads
2019-07-09 16:07:29,580 INFO Written out 1110000 reads
2019-07-09 16:07:29,580 INFO Written out 1120000 reads
2019-07-09 16:07:29,580 INFO Written out 1130000 reads
2019-07-09 16:07:29,580 INFO Written out 1140000 reads
2019-07-09 16:07:29,580 INFO Written out 1150000 reads
2019-07-09 16:07:29,580 INFO Written out 1160000 reads
2019-07-09 16:07:29,580 INFO Written out 1170000 reads
2019-07-09 16:07:29,581 INFO Written out 1180000 reads
2019-07-09 16:07:29,581 INFO Written out 1190000 reads
2019-07-09 16:07:29,581 INFO Written out 1200000 reads
2019-07-09 16:07:29,581 INFO Written out 1210000 reads
2019-07-09 16:07:29,581 INFO Written out 1220000 reads
2019-07-09 16:07:29,581 INFO Written out 1230000 reads
2019-07-09 16:07:29,581 INFO Written out 1240000 reads
2019-07-09 16:07:29,581 INFO Written out 1250000 reads
2019-07-09 16:07:29,581 INFO Written out 1260000 reads
2019-07-09 16:07:29,581 INFO Written out 1270000 reads
2019-07-09 16:07:29,581 INFO Written out 1280000 reads
2019-07-09 16:07:29,581 INFO Written out 1290000 reads
2019-07-09 16:07:29,581 INFO Written out 1300000 reads
2019-07-09 16:07:29,581 INFO Written out 1310000 reads
2019-07-09 16:07:29,581 INFO Written out 1320000 reads
2019-07-09 16:07:29,581 INFO Written out 1330000 reads
2019-07-09 16:07:29,581 INFO Written out 1340000 reads
2019-07-09 16:07:29,581 INFO Written out 1350000 reads
2019-07-09 16:07:29,581 INFO Written out 1360000 reads
2019-07-09 16:07:29,581 INFO Written out 1370000 reads
2019-07-09 16:07:29,581 INFO Written out 1380000 reads
2019-07-09 16:07:29,581 INFO Written out 1390000 reads
2019-07-09 16:07:29,581 INFO Written out 1400000 reads
2019-07-09 16:07:29,581 INFO Written out 1410000 reads
2019-07-09 16:07:29,581 INFO Written out 1420000 reads
2019-07-09 16:07:29,581 INFO Written out 1430000 reads
2019-07-09 16:07:29,581 INFO Written out 1440000 reads
2019-07-09 16:07:29,581 INFO Written out 1450000 reads
2019-07-09 16:07:29,581 INFO Written out 1460000 reads
2019-07-09 16:07:29,581 INFO Written out 1470000 reads
2019-07-09 16:07:29,581 INFO Written out 1480000 reads
2019-07-09 16:07:29,581 INFO Written out 1490000 reads
2019-07-09 16:07:29,581 INFO Written out 1500000 reads
2019-07-09 16:07:29,581 INFO Written out 1510000 reads
2019-07-09 16:07:29,581 INFO Written out 1520000 reads
2019-07-09 16:07:29,581 INFO Written out 1530000 reads
2019-07-09 16:07:29,581 INFO Written out 1540000 reads
2019-07-09 16:07:29,581 INFO Written out 1550000 reads
2019-07-09 16:07:29,581 INFO Written out 1560000 reads
2019-07-09 16:07:29,581 INFO Written out 1570000 reads
2019-07-09 16:07:29,581 INFO Written out 1580000 reads
2019-07-09 16:07:29,581 INFO Written out 1590000 reads
2019-07-09 16:07:29,581 INFO Written out 1600000 reads
2019-07-09 16:07:29,581 INFO Written out 1610000 reads
2019-07-09 16:07:29,581 INFO Written out 1620000 reads
2019-07-09 16:07:29,581 INFO Written out 1630000 reads
2019-07-09 16:07:29,581 INFO Written out 1640000 reads
2019-07-09 16:07:29,581 INFO Written out 1650000 reads
2019-07-09 16:07:29,581 INFO Written out 1660000 reads
2019-07-09 16:07:29,581 INFO Written out 1670000 reads
2019-07-09 16:07:29,581 INFO Written out 1680000 reads
2019-07-09 16:07:29,581 INFO Written out 1690000 reads
2019-07-09 16:07:29,582 INFO Written out 1700000 reads
2019-07-09 16:07:29,582 INFO Written out 1710000 reads
2019-07-09 16:07:29,582 INFO Written out 1720000 reads
2019-07-09 16:07:29,582 INFO Written out 1730000 reads
2019-07-09 16:07:29,582 INFO Written out 1740000 reads
2019-07-09 16:07:29,582 INFO Written out 1750000 reads
2019-07-09 16:07:29,582 INFO Written out 1760000 reads
2019-07-09 16:07:29,582 INFO Written out 1770000 reads
2019-07-09 16:07:29,582 INFO Written out 1780000 reads
2019-07-09 16:07:29,582 INFO Written out 1790000 reads
2019-07-09 16:07:29,582 INFO Written out 1800000 reads
2019-07-09 16:07:29,582 INFO Written out 1810000 reads
2019-07-09 16:07:29,582 INFO Written out 1820000 reads
2019-07-09 16:07:29,582 INFO Written out 1830000 reads
2019-07-09 16:07:29,582 INFO Written out 1840000 reads
2019-07-09 16:07:29,582 INFO Written out 1850000 reads
2019-07-09 16:07:29,582 INFO Written out 1860000 reads
2019-07-09 16:07:29,582 INFO Written out 1870000 reads
2019-07-09 16:07:29,582 INFO Written out 1880000 reads
2019-07-09 16:07:29,582 INFO Written out 1890000 reads
2019-07-09 16:07:29,582 INFO Written out 1900000 reads
2019-07-09 16:07:29,582 INFO Written out 1910000 reads
2019-07-09 16:07:29,582 INFO Written out 1920000 reads
2019-07-09 16:07:29,582 INFO Written out 1930000 reads
2019-07-09 16:07:29,582 INFO Written out 1940000 reads
2019-07-09 16:07:29,582 INFO Written out 1950000 reads
2019-07-09 16:07:29,582 INFO Written out 1960000 reads
2019-07-09 16:07:29,582 INFO Written out 1970000 reads
2019-07-09 16:07:29,582 INFO Written out 1980000 reads
2019-07-09 16:07:29,582 INFO Written out 1990000 reads
2019-07-09 16:07:29,582 INFO Written out 2000000 reads
2019-07-09 16:07:29,582 INFO Written out 2010000 reads
2019-07-09 16:07:29,582 INFO Written out 2020000 reads
2019-07-09 16:07:29,582 INFO Written out 2030000 reads
2019-07-09 16:07:29,582 INFO Written out 2040000 reads
2019-07-09 16:07:29,582 INFO Written out 2050000 reads
2019-07-09 16:07:29,582 INFO Written out 2060000 reads
2019-07-09 16:07:29,582 INFO Written out 2070000 reads
2019-07-09 16:07:29,582 INFO Written out 2080000 reads
2019-07-09 16:07:29,582 INFO Written out 2090000 reads
2019-07-09 16:07:29,582 INFO Written out 2100000 reads
2019-07-09 16:07:29,582 INFO Written out 2110000 reads
2019-07-09 16:07:29,582 INFO Written out 2120000 reads
2019-07-09 16:07:29,582 INFO Written out 2130000 reads
2019-07-09 16:07:29,582 INFO Written out 2140000 reads
2019-07-09 16:07:29,582 INFO Written out 2150000 reads
2019-07-09 16:07:29,582 INFO Written out 2160000 reads
2019-07-09 16:07:29,582 INFO Written out 2170000 reads
2019-07-09 16:07:29,582 INFO Written out 2180000 reads
2019-07-09 16:07:29,582 INFO Written out 2190000 reads
2019-07-09 16:07:29,582 INFO Written out 2200000 reads
2019-07-09 16:07:29,582 INFO Written out 2210000 reads
2019-07-09 16:07:29,582 INFO Written out 2220000 reads
2019-07-09 16:07:29,583 INFO Written out 2230000 reads
2019-07-09 16:07:29,583 INFO Written out 2240000 reads
2019-07-09 16:07:29,583 INFO Written out 2250000 reads
2019-07-09 16:07:29,583 INFO Written out 2260000 reads
2019-07-09 16:07:29,583 INFO Written out 2270000 reads
2019-07-09 16:07:29,583 INFO Written out 2280000 reads
2019-07-09 16:07:29,583 INFO Written out 2290000 reads
2019-07-09 16:07:29,583 INFO Written out 2300000 reads
2019-07-09 16:07:29,583 INFO Written out 2310000 reads
2019-07-09 16:07:29,583 INFO Written out 2320000 reads
2019-07-09 16:07:29,583 INFO Written out 2330000 reads
2019-07-09 16:07:29,583 INFO Written out 2340000 reads
2019-07-09 16:07:29,583 INFO Written out 2350000 reads
2019-07-09 16:07:29,583 INFO Written out 2360000 reads
2019-07-09 16:07:29,583 INFO Written out 2370000 reads
2019-07-09 16:07:29,583 INFO Written out 2380000 reads
2019-07-09 16:07:29,583 INFO Written out 2390000 reads
2019-07-09 16:07:29,583 INFO Written out 2400000 reads
2019-07-09 16:07:29,583 INFO Written out 2410000 reads
2019-07-09 16:07:29,583 INFO Written out 2420000 reads
2019-07-09 16:07:29,583 INFO Written out 2430000 reads
2019-07-09 16:07:29,583 INFO Written out 2440000 reads
2019-07-09 16:07:29,583 INFO Written out 2450000 reads
2019-07-09 16:07:29,583 INFO Written out 2460000 reads
2019-07-09 16:07:29,583 INFO Written out 2470000 reads
2019-07-09 16:07:29,583 INFO Written out 2480000 reads
2019-07-09 16:07:29,583 INFO Written out 2490000 reads
2019-07-09 16:07:29,583 INFO Written out 2500000 reads
2019-07-09 16:07:29,583 INFO Written out 2510000 reads
2019-07-09 16:07:29,583 INFO Written out 2520000 reads
2019-07-09 16:07:29,583 INFO Written out 2530000 reads
2019-07-09 16:07:29,583 INFO Written out 2540000 reads
2019-07-09 16:07:29,583 INFO Written out 2550000 reads
2019-07-09 16:07:29,583 INFO Written out 2560000 reads
2019-07-09 16:07:29,583 INFO Written out 2570000 reads
2019-07-09 16:07:29,583 INFO Written out 2580000 reads
2019-07-09 16:07:29,583 INFO Written out 2590000 reads
2019-07-09 16:07:29,583 INFO Written out 2600000 reads
2019-07-09 16:07:29,583 INFO Written out 2610000 reads
2019-07-09 16:07:29,583 INFO Written out 2620000 reads
2019-07-09 16:07:29,583 INFO Written out 2630000 reads
2019-07-09 16:07:29,583 INFO Written out 2640000 reads
2019-07-09 16:07:29,583 INFO Written out 2650000 reads
2019-07-09 16:07:29,583 INFO Written out 2660000 reads
2019-07-09 16:07:29,583 INFO Written out 2670000 reads
2019-07-09 16:07:29,583 INFO Written out 2680000 reads
2019-07-09 16:07:29,583 INFO Written out 2690000 reads
2019-07-09 16:07:29,583 INFO Written out 2700000 reads
2019-07-09 16:07:29,583 INFO Written out 2710000 reads
2019-07-09 16:07:29,583 INFO Written out 2720000 reads
2019-07-09 16:07:29,583 INFO Written out 2730000 reads
2019-07-09 16:07:29,583 INFO Written out 2740000 reads
2019-07-09 16:07:29,583 INFO Written out 2750000 reads
2019-07-09 16:07:29,584 INFO Written out 2760000 reads
2019-07-09 16:07:29,584 INFO Written out 2770000 reads
2019-07-09 16:07:29,584 INFO Written out 2780000 reads
2019-07-09 16:07:29,584 INFO Written out 2790000 reads
2019-07-09 16:07:29,584 INFO Written out 2800000 reads
2019-07-09 16:07:29,584 INFO Written out 2810000 reads
2019-07-09 16:07:29,584 INFO Written out 2820000 reads
2019-07-09 16:07:29,584 INFO Written out 2830000 reads
2019-07-09 16:07:29,584 INFO Written out 2840000 reads
2019-07-09 16:07:29,584 INFO Written out 2850000 reads
2019-07-09 16:07:29,584 INFO Written out 2860000 reads
2019-07-09 16:07:29,584 INFO Written out 2870000 reads
2019-07-09 16:07:29,584 INFO Written out 2880000 reads
2019-07-09 16:07:29,584 INFO Written out 2890000 reads
2019-07-09 16:07:29,584 INFO Written out 2900000 reads
2019-07-09 16:07:29,584 INFO Written out 2910000 reads
2019-07-09 16:07:29,584 INFO Written out 2920000 reads
2019-07-09 16:07:29,584 INFO Written out 2930000 reads
2019-07-09 16:07:29,584 INFO Written out 2940000 reads
2019-07-09 16:07:29,584 INFO Written out 2950000 reads
2019-07-09 16:07:29,584 INFO Written out 2960000 reads
2019-07-09 16:07:29,584 INFO Written out 2970000 reads
2019-07-09 16:07:29,584 INFO Written out 2980000 reads
2019-07-09 16:07:29,584 INFO Written out 2990000 reads
2019-07-09 16:07:29,584 INFO Written out 3000000 reads
2019-07-09 16:07:29,584 INFO Written out 3010000 reads
2019-07-09 16:07:29,584 INFO Written out 3020000 reads
2019-07-09 16:07:29,584 INFO Written out 3030000 reads
2019-07-09 16:07:29,584 INFO Written out 3040000 reads
2019-07-09 16:07:29,584 INFO Written out 3050000 reads
2019-07-09 16:07:29,584 INFO Written out 3060000 reads
2019-07-09 16:07:29,584 INFO Written out 3070000 reads
2019-07-09 16:07:29,584 INFO Written out 3080000 reads
2019-07-09 16:07:29,584 INFO Written out 3090000 reads
2019-07-09 16:07:29,584 INFO Written out 3100000 reads
2019-07-09 16:07:29,584 INFO Written out 3110000 reads
2019-07-09 16:07:29,584 INFO Written out 3120000 reads
2019-07-09 16:07:29,584 INFO Written out 3130000 reads
2019-07-09 16:07:29,584 INFO Written out 3140000 reads
2019-07-09 16:07:29,584 INFO Written out 3150000 reads
2019-07-09 16:07:29,584 INFO Written out 3160000 reads
2019-07-09 16:07:29,584 INFO Written out 3170000 reads
2019-07-09 16:07:29,584 INFO Written out 3180000 reads
2019-07-09 16:07:29,584 INFO Written out 3190000 reads
2019-07-09 16:07:29,584 INFO Written out 3200000 reads
2019-07-09 16:07:29,584 INFO Written out 3210000 reads
2019-07-09 16:07:29,584 INFO Written out 3220000 reads
2019-07-09 16:07:29,584 INFO Written out 3230000 reads
2019-07-09 16:07:29,584 INFO Written out 3240000 reads
2019-07-09 16:07:29,584 INFO Written out 3250000 reads
2019-07-09 16:07:29,584 INFO Written out 3260000 reads
2019-07-09 16:07:29,584 INFO Written out 3270000 reads
2019-07-09 16:07:29,584 INFO Written out 3280000 reads
2019-07-09 16:07:29,584 INFO Written out 3290000 reads
2019-07-09 16:07:29,585 INFO Written out 3300000 reads
2019-07-09 16:07:29,585 INFO Written out 3310000 reads
2019-07-09 16:07:29,585 INFO Written out 3320000 reads
2019-07-09 16:07:29,585 INFO Written out 3330000 reads
2019-07-09 16:07:29,585 INFO Written out 3340000 reads
2019-07-09 16:07:29,585 INFO Written out 3350000 reads
2019-07-09 16:07:29,585 INFO Written out 3360000 reads
2019-07-09 16:07:29,585 INFO Written out 3370000 reads
2019-07-09 16:07:29,585 INFO Written out 3380000 reads
2019-07-09 16:07:29,585 INFO Written out 3390000 reads
2019-07-09 16:07:29,585 INFO Written out 3400000 reads
2019-07-09 16:07:29,585 INFO Written out 3410000 reads
2019-07-09 16:07:29,585 INFO Written out 3420000 reads
2019-07-09 16:07:29,585 INFO Written out 3430000 reads
2019-07-09 16:07:29,585 INFO Written out 3440000 reads
2019-07-09 16:07:29,585 INFO Written out 3450000 reads
2019-07-09 16:07:29,585 INFO Written out 3460000 reads
2019-07-09 16:07:29,585 INFO Written out 3470000 reads
2019-07-09 16:07:29,585 INFO Written out 3480000 reads
2019-07-09 16:07:29,585 INFO Written out 3490000 reads
2019-07-09 16:07:29,585 INFO Written out 3500000 reads
2019-07-09 16:07:29,585 INFO Written out 3510000 reads
2019-07-09 16:07:29,585 INFO Written out 3520000 reads
2019-07-09 16:07:29,585 INFO Written out 3530000 reads
2019-07-09 16:07:29,585 INFO Written out 3540000 reads
2019-07-09 16:07:29,585 INFO Written out 3550000 reads
2019-07-09 16:07:29,585 INFO Written out 3560000 reads
2019-07-09 16:07:29,585 INFO Written out 3570000 reads
2019-07-09 16:07:29,585 INFO Written out 3580000 reads
2019-07-09 16:07:29,585 INFO Written out 3590000 reads
2019-07-09 16:07:29,585 INFO Written out 3600000 reads
2019-07-09 16:07:29,585 INFO Written out 3610000 reads
2019-07-09 16:07:29,585 INFO Written out 3620000 reads
2019-07-09 16:07:29,585 INFO Written out 3630000 reads
2019-07-09 16:07:29,585 INFO Written out 3640000 reads
2019-07-09 16:07:29,585 INFO Written out 3650000 reads
2019-07-09 16:07:29,585 INFO Written out 3660000 reads
2019-07-09 16:07:29,585 INFO Written out 3670000 reads
2019-07-09 16:07:29,585 INFO Written out 3680000 reads
2019-07-09 16:07:29,585 INFO Written out 3690000 reads
2019-07-09 16:07:29,585 INFO Written out 3700000 reads
2019-07-09 16:07:29,585 INFO Written out 3710000 reads
2019-07-09 16:07:29,585 INFO Written out 3720000 reads
2019-07-09 16:07:29,585 INFO Written out 3730000 reads
2019-07-09 16:07:29,585 INFO Written out 3740000 reads
2019-07-09 16:07:29,585 INFO Written out 3750000 reads
2019-07-09 16:07:29,585 INFO Written out 3760000 reads
2019-07-09 16:07:29,585 INFO Written out 3770000 reads
2019-07-09 16:07:29,585 INFO Written out 3780000 reads
2019-07-09 16:07:29,585 INFO Written out 3790000 reads
2019-07-09 16:07:29,585 INFO Written out 3800000 reads
2019-07-09 16:07:29,585 INFO Written out 3810000 reads
2019-07-09 16:07:29,585 INFO Written out 3820000 reads
2019-07-09 16:07:29,585 INFO Written out 3830000 reads
2019-07-09 16:07:29,586 INFO Written out 3840000 reads
2019-07-09 16:07:29,586 INFO Written out 3850000 reads
2019-07-09 16:07:29,586 INFO Written out 3860000 reads
2019-07-09 16:07:29,586 INFO Written out 3870000 reads
2019-07-09 16:07:29,586 INFO Written out 3880000 reads
2019-07-09 16:07:29,586 INFO Written out 3890000 reads
2019-07-09 16:07:29,586 INFO Written out 3900000 reads
2019-07-09 16:07:29,586 INFO Written out 3910000 reads
2019-07-09 16:07:29,586 INFO Written out 3920000 reads
2019-07-09 16:07:29,586 INFO Written out 3930000 reads
2019-07-09 16:07:29,586 INFO Written out 3940000 reads
2019-07-09 16:07:29,586 INFO Written out 3950000 reads
2019-07-09 16:07:29,586 INFO Written out 3960000 reads
2019-07-09 16:07:29,586 INFO Written out 3970000 reads
2019-07-09 16:07:29,586 INFO Written out 3980000 reads
2019-07-09 16:07:29,586 INFO Written out 3990000 reads
2019-07-09 16:07:29,586 INFO Written out 4000000 reads
2019-07-09 16:07:29,586 INFO Written out 4010000 reads
2019-07-09 16:07:29,586 INFO Written out 4020000 reads
2019-07-09 16:07:29,586 INFO Written out 4030000 reads
2019-07-09 16:07:29,586 INFO Written out 4040000 reads
2019-07-09 16:07:29,586 INFO Written out 4050000 reads
2019-07-09 16:07:29,586 INFO Written out 4060000 reads
2019-07-09 16:07:29,586 INFO Written out 4070000 reads
2019-07-09 16:07:29,586 INFO Written out 4080000 reads
2019-07-09 16:07:29,586 INFO Written out 4090000 reads
2019-07-09 16:07:29,586 INFO Written out 4100000 reads
2019-07-09 16:07:29,586 INFO Written out 4110000 reads
2019-07-09 16:07:29,586 INFO Written out 4120000 reads
2019-07-09 16:07:29,586 INFO Written out 4130000 reads
2019-07-09 16:07:29,586 INFO Written out 4140000 reads
2019-07-09 16:07:29,586 INFO Written out 4150000 reads
2019-07-09 16:07:29,586 INFO Written out 4160000 reads
2019-07-09 16:07:29,586 INFO Written out 4170000 reads
2019-07-09 16:07:29,586 INFO Written out 4180000 reads
2019-07-09 16:07:29,586 INFO Written out 4190000 reads
2019-07-09 16:07:29,586 INFO Written out 4200000 reads
2019-07-09 16:07:29,586 INFO Written out 4210000 reads
2019-07-09 16:07:29,586 INFO Written out 4220000 reads
2019-07-09 16:07:29,586 INFO Written out 4230000 reads
2019-07-09 16:07:29,586 INFO Written out 4240000 reads
2019-07-09 16:07:29,586 INFO Written out 4250000 reads
2019-07-09 16:07:29,586 INFO Written out 4260000 reads
2019-07-09 16:07:29,586 INFO Written out 4270000 reads
2019-07-09 16:07:29,586 INFO Written out 4280000 reads
2019-07-09 16:07:29,586 INFO Written out 4290000 reads
2019-07-09 16:07:29,586 INFO Written out 4300000 reads
2019-07-09 16:07:29,586 INFO Written out 4310000 reads
2019-07-09 16:07:29,586 INFO Written out 4320000 reads
2019-07-09 16:07:29,586 INFO Written out 4330000 reads
2019-07-09 16:07:29,586 INFO Written out 4340000 reads
2019-07-09 16:07:29,586 INFO Written out 4350000 reads
2019-07-09 16:07:29,586 INFO Written out 4360000 reads
2019-07-09 16:07:29,587 INFO Written out 4370000 reads
2019-07-09 16:07:29,587 INFO Written out 4380000 reads
2019-07-09 16:07:29,587 INFO Written out 4390000 reads
2019-07-09 16:07:29,587 INFO Written out 4400000 reads
2019-07-09 16:07:29,587 INFO Written out 4410000 reads
2019-07-09 16:07:29,587 INFO Written out 4420000 reads
2019-07-09 16:07:29,587 INFO Written out 4430000 reads
2019-07-09 16:07:29,587 INFO Written out 4440000 reads
2019-07-09 16:07:29,587 INFO Written out 4450000 reads
2019-07-09 16:07:29,587 INFO Written out 4460000 reads
2019-07-09 16:07:29,587 INFO Written out 4470000 reads
2019-07-09 16:07:29,587 INFO Written out 4480000 reads
2019-07-09 16:07:29,587 INFO Written out 4490000 reads
2019-07-09 16:07:29,587 INFO Written out 4500000 reads
2019-07-09 16:07:29,587 INFO Written out 4510000 reads
2019-07-09 16:07:29,587 INFO Written out 4520000 reads
2019-07-09 16:07:29,587 INFO Written out 4530000 reads
2019-07-09 16:07:29,587 INFO Written out 4540000 reads
2019-07-09 16:07:29,587 INFO Written out 4550000 reads
2019-07-09 16:07:29,587 INFO Written out 4560000 reads
2019-07-09 16:07:29,587 INFO Written out 4570000 reads
2019-07-09 16:07:29,587 INFO Written out 4580000 reads
2019-07-09 16:07:29,587 INFO Written out 4590000 reads
2019-07-09 16:07:29,587 INFO Written out 4600000 reads
2019-07-09 16:07:29,587 INFO Written out 4610000 reads
2019-07-09 16:07:29,587 INFO Written out 4620000 reads
2019-07-09 16:07:29,587 INFO Written out 4630000 reads
2019-07-09 16:07:29,587 INFO Written out 4640000 reads
2019-07-09 16:07:29,587 INFO Written out 4650000 reads
2019-07-09 16:07:29,587 INFO Written out 4660000 reads
2019-07-09 16:07:29,587 INFO Written out 4670000 reads
2019-07-09 16:07:29,587 INFO Written out 4680000 reads
2019-07-09 16:07:29,587 INFO Written out 4690000 reads
2019-07-09 16:07:29,587 INFO Written out 4700000 reads
2019-07-09 16:07:29,587 INFO Written out 4710000 reads
2019-07-09 16:07:29,587 INFO Written out 4720000 reads
2019-07-09 16:07:29,587 INFO Written out 4730000 reads
2019-07-09 16:07:29,587 INFO Written out 4740000 reads
2019-07-09 16:07:29,587 INFO Written out 4750000 reads
2019-07-09 16:07:29,587 INFO Written out 4760000 reads
2019-07-09 16:07:29,587 INFO Written out 4770000 reads
2019-07-09 16:07:29,587 INFO Written out 4780000 reads
2019-07-09 16:07:29,587 INFO Written out 4790000 reads
2019-07-09 16:07:29,587 INFO Written out 4800000 reads
2019-07-09 16:07:29,587 INFO Written out 4810000 reads
2019-07-09 16:07:29,587 INFO Written out 4820000 reads
2019-07-09 16:07:29,587 INFO Written out 4830000 reads
2019-07-09 16:07:29,587 INFO Written out 4840000 reads
2019-07-09 16:07:29,587 INFO Written out 4850000 reads
2019-07-09 16:07:29,587 INFO Written out 4860000 reads
2019-07-09 16:07:29,587 INFO Written out 4870000 reads
2019-07-09 16:07:29,587 INFO Written out 4880000 reads
2019-07-09 16:07:29,587 INFO Written out 4890000 reads
2019-07-09 16:07:29,587 INFO Written out 4900000 reads
2019-07-09 16:07:29,588 INFO Written out 4910000 reads
2019-07-09 16:07:29,588 INFO Written out 4920000 reads
2019-07-09 16:07:29,588 INFO Written out 4930000 reads
2019-07-09 16:07:29,588 INFO Written out 4940000 reads
2019-07-09 16:07:29,588 INFO Written out 4950000 reads
2019-07-09 16:07:29,588 INFO Written out 4960000 reads
2019-07-09 16:07:29,588 INFO Written out 4970000 reads
2019-07-09 16:07:29,588 INFO Written out 4980000 reads
2019-07-09 16:07:29,588 INFO Written out 4990000 reads
2019-07-09 16:07:29,588 INFO Written out 5000000 reads
2019-07-09 16:07:29,588 INFO Written out 5010000 reads
2019-07-09 16:07:29,588 INFO Written out 5020000 reads
2019-07-09 16:07:29,588 INFO Written out 5030000 reads
2019-07-09 16:07:29,588 INFO Written out 5040000 reads
2019-07-09 16:07:29,588 INFO Written out 5050000 reads
2019-07-09 16:07:29,588 INFO Written out 5060000 reads
2019-07-09 16:07:29,588 INFO Written out 5070000 reads
2019-07-09 16:07:29,588 INFO Written out 5080000 reads
2019-07-09 16:07:29,588 INFO Written out 5090000 reads
2019-07-09 16:07:29,588 INFO Written out 5100000 reads
2019-07-09 16:07:29,588 INFO Written out 5110000 reads
2019-07-09 16:07:29,588 INFO Written out 5120000 reads
2019-07-09 16:07:29,588 INFO Written out 5130000 reads
2019-07-09 16:07:29,588 INFO Written out 5140000 reads
2019-07-09 16:07:29,588 INFO Written out 5150000 reads
2019-07-09 16:07:29,588 INFO Written out 5160000 reads
2019-07-09 16:07:29,588 INFO Written out 5170000 reads
2019-07-09 16:07:29,588 INFO Written out 5180000 reads
2019-07-09 16:07:29,588 INFO Written out 5190000 reads
2019-07-09 16:07:29,588 INFO Written out 5200000 reads
2019-07-09 16:07:29,588 INFO Written out 5210000 reads
2019-07-09 16:07:29,588 INFO Written out 5220000 reads
2019-07-09 16:07:29,588 INFO Written out 5230000 reads
2019-07-09 16:07:29,588 INFO Written out 5240000 reads
2019-07-09 16:07:29,588 INFO Written out 5250000 reads
2019-07-09 16:07:29,588 INFO Written out 5260000 reads
2019-07-09 16:07:29,588 INFO Written out 5270000 reads
2019-07-09 16:07:29,588 INFO Written out 5280000 reads
2019-07-09 16:07:29,588 INFO Written out 5290000 reads
2019-07-09 16:07:29,588 INFO Written out 5300000 reads
2019-07-09 16:07:29,588 INFO Written out 5310000 reads
2019-07-09 16:07:29,588 INFO Written out 5320000 reads
2019-07-09 16:07:29,588 INFO Written out 5330000 reads
2019-07-09 16:07:29,588 INFO Written out 5340000 reads
2019-07-09 16:07:29,588 INFO Written out 5350000 reads
2019-07-09 16:07:29,588 INFO Written out 5360000 reads
2019-07-09 16:07:29,588 INFO Written out 5370000 reads
2019-07-09 16:07:29,588 INFO Written out 5380000 reads
2019-07-09 16:07:29,588 INFO Written out 5390000 reads
2019-07-09 16:07:29,588 INFO Written out 5400000 reads
2019-07-09 16:07:29,588 INFO Written out 5410000 reads
2019-07-09 16:07:29,588 INFO Written out 5420000 reads
2019-07-09 16:07:29,588 INFO Written out 5430000 reads
2019-07-09 16:07:29,588 INFO Written out 5440000 reads
2019-07-09 16:07:29,589 INFO Written out 5450000 reads
2019-07-09 16:07:29,589 INFO Written out 5460000 reads
2019-07-09 16:07:29,589 INFO Written out 5470000 reads
2019-07-09 16:07:29,589 INFO Written out 5480000 reads
2019-07-09 16:07:29,589 INFO Written out 5490000 reads
2019-07-09 16:07:29,589 INFO Written out 5500000 reads
2019-07-09 16:07:29,589 INFO Written out 5510000 reads
2019-07-09 16:07:29,589 INFO Written out 5520000 reads
2019-07-09 16:07:29,589 INFO Written out 5530000 reads
2019-07-09 16:07:29,589 INFO Written out 5540000 reads
2019-07-09 16:07:29,589 INFO Written out 5550000 reads
2019-07-09 16:07:29,589 INFO Written out 5560000 reads
2019-07-09 16:07:29,589 INFO Written out 5570000 reads
2019-07-09 16:07:29,589 INFO Written out 5580000 reads
2019-07-09 16:07:29,589 INFO Written out 5590000 reads
2019-07-09 16:07:29,589 INFO Written out 5600000 reads
2019-07-09 16:07:29,589 INFO Written out 5610000 reads
2019-07-09 16:07:29,589 INFO Written out 5620000 reads
2019-07-09 16:07:29,589 INFO Written out 5630000 reads
2019-07-09 16:07:29,589 INFO Written out 5640000 reads
2019-07-09 16:07:29,589 INFO Written out 5650000 reads
2019-07-09 16:07:29,589 INFO Written out 5660000 reads
2019-07-09 16:07:29,589 INFO Written out 5670000 reads
2019-07-09 16:07:29,589 INFO Written out 5680000 reads
2019-07-09 16:07:29,589 INFO Written out 5690000 reads
2019-07-09 16:07:29,589 INFO Written out 5700000 reads
2019-07-09 16:07:29,589 INFO Written out 5710000 reads
2019-07-09 16:07:29,589 INFO Written out 5720000 reads
2019-07-09 16:07:29,589 INFO Written out 5730000 reads
2019-07-09 16:07:29,589 INFO Written out 5740000 reads
2019-07-09 16:07:29,589 INFO Written out 5750000 reads
2019-07-09 16:07:29,589 INFO Written out 5760000 reads
2019-07-09 16:07:29,589 INFO Parsed 1000000 input reads
2019-07-09 16:07:29,589 INFO Parsed 2000000 input reads
2019-07-09 16:07:29,589 INFO Parsed 3000000 input reads
2019-07-09 16:07:29,589 INFO Parsed 4000000 input reads
2019-07-09 16:07:29,589 INFO Parsed 5000000 input reads
2019-07-09 16:07:29,612 INFO Written out 5770000 reads
2019-07-09 16:07:29,653 INFO Written out 5780000 reads
2019-07-09 16:07:29,693 INFO Written out 5790000 reads
2019-07-09 16:07:29,742 INFO Written out 5800000 reads
2019-07-09 16:07:29,789 INFO Written out 5810000 reads
2019-07-09 16:07:29,838 INFO Written out 5820000 reads
2019-07-09 16:07:29,897 INFO Written out 5830000 reads
2019-07-09 16:07:29,948 INFO Written out 5840000 reads
2019-07-09 16:07:30,002 INFO Written out 5850000 reads
2019-07-09 16:07:30,056 INFO Written out 5860000 reads
2019-07-09 16:07:30,108 INFO Written out 5870000 reads
2019-07-09 16:07:30,147 INFO Written out 5880000 reads
2019-07-09 16:07:30,190 INFO Written out 5890000 reads
2019-07-09 16:07:30,237 INFO Written out 5900000 reads
2019-07-09 16:07:30,278 INFO Written out 5910000 reads
2019-07-09 16:07:30,322 INFO Written out 5920000 reads
2019-07-09 16:07:30,364 INFO Written out 5930000 reads
2019-07-09 16:07:30,408 INFO Written out 5940000 reads
2019-07-09 16:07:30,456 INFO Written out 5950000 reads
2019-07-09 16:07:30,516 INFO Written out 5960000 reads
2019-07-09 16:07:30,570 INFO Written out 5970000 reads
2019-07-09 16:07:30,623 INFO Written out 5980000 reads
2019-07-09 16:07:30,663 INFO Written out 5990000 reads
2019-07-09 16:07:30,713 INFO Parsed 6000000 input reads
2019-07-09 16:07:30,713 INFO Written out 6000000 reads
2019-07-09 16:07:30,768 INFO Written out 6010000 reads
2019-07-09 16:07:30,830 INFO Written out 6020000 reads
2019-07-09 16:07:30,878 INFO Written out 6030000 reads
2019-07-09 16:07:30,917 INFO Written out 6040000 reads
2019-07-09 16:07:30,967 INFO Written out 6050000 reads
2019-07-09 16:07:31,010 INFO Written out 6060000 reads
2019-07-09 16:07:31,057 INFO Written out 6070000 reads
2019-07-09 16:07:31,104 INFO Written out 6080000 reads
2019-07-09 16:07:31,157 INFO Written out 6090000 reads
2019-07-09 16:07:31,205 INFO Written out 6100000 reads
2019-07-09 16:07:31,251 INFO Written out 6110000 reads
2019-07-09 16:07:31,296 INFO Written out 6120000 reads
2019-07-09 16:07:31,342 INFO Written out 6130000 reads
2019-07-09 16:07:31,389 INFO Written out 6140000 reads
2019-07-09 16:07:31,434 INFO Written out 6150000 reads
2019-07-09 16:07:31,476 INFO Written out 6160000 reads
2019-07-09 16:07:31,515 INFO Written out 6170000 reads
2019-07-09 16:07:31,558 INFO Written out 6180000 reads
2019-07-09 16:07:31,618 INFO Written out 6190000 reads
2019-07-09 16:07:31,659 INFO Written out 6200000 reads
2019-07-09 16:07:31,699 INFO Written out 6210000 reads
2019-07-09 16:07:31,740 INFO Written out 6220000 reads
2019-07-09 16:07:31,778 INFO Written out 6230000 reads
2019-07-09 16:07:31,816 INFO Written out 6240000 reads
2019-07-09 16:07:31,854 INFO Written out 6250000 reads
2019-07-09 16:07:31,894 INFO Written out 6260000 reads
2019-07-09 16:07:31,938 INFO Written out 6270000 reads
2019-07-09 16:07:31,979 INFO Written out 6280000 reads
2019-07-09 16:07:32,017 INFO Written out 6290000 reads
2019-07-09 16:07:32,060 INFO Written out 6300000 reads
2019-07-09 16:07:32,095 INFO Written out 6310000 reads
2019-07-09 16:07:32,134 INFO Written out 6320000 reads
2019-07-09 16:07:32,169 INFO Written out 6330000 reads
2019-07-09 16:07:32,209 INFO Written out 6340000 reads
2019-07-09 16:07:32,249 INFO Written out 6350000 reads
2019-07-09 16:07:32,286 INFO Written out 6360000 reads
2019-07-09 16:07:32,324 INFO Written out 6370000 reads
2019-07-09 16:07:32,363 INFO Written out 6380000 reads
2019-07-09 16:07:32,403 INFO Written out 6390000 reads
2019-07-09 16:07:32,459 INFO Written out 6400000 reads
2019-07-09 16:07:32,499 INFO Written out 6410000 reads
2019-07-09 16:07:32,538 INFO Written out 6420000 reads
2019-07-09 16:07:32,580 INFO Written out 6430000 reads
2019-07-09 16:07:32,622 INFO Written out 6440000 reads
2019-07-09 16:07:32,664 INFO Written out 6450000 reads
2019-07-09 16:07:32,706 INFO Written out 6460000 reads
2019-07-09 16:07:32,746 INFO Written out 6470000 reads
2019-07-09 16:07:32,784 INFO Written out 6480000 reads
2019-07-09 16:07:32,864 INFO Written out 6490000 reads
2019-07-09 16:07:32,905 INFO Written out 6500000 reads
2019-07-09 16:07:32,946 INFO Written out 6510000 reads
2019-07-09 16:07:32,987 INFO Written out 6520000 reads
2019-07-09 16:07:33,026 INFO Written out 6530000 reads
2019-07-09 16:07:33,063 INFO Written out 6540000 reads
2019-07-09 16:07:33,100 INFO Written out 6550000 reads
2019-07-09 16:07:33,138 INFO Written out 6560000 reads
2019-07-09 16:07:33,173 INFO Written out 6570000 reads
2019-07-09 16:07:33,209 INFO Written out 6580000 reads
2019-07-09 16:07:33,246 INFO Written out 6590000 reads
2019-07-09 16:07:33,298 INFO Written out 6600000 reads
2019-07-09 16:07:33,343 INFO Written out 6610000 reads
2019-07-09 16:07:33,384 INFO Written out 6620000 reads
2019-07-09 16:07:33,424 INFO Written out 6630000 reads
2019-07-09 16:07:33,476 INFO Written out 6640000 reads
2019-07-09 16:07:33,516 INFO Written out 6650000 reads
2019-07-09 16:07:33,558 INFO Written out 6660000 reads
2019-07-09 16:07:33,597 INFO Written out 6670000 reads
2019-07-09 16:07:33,639 INFO Written out 6680000 reads
2019-07-09 16:07:33,680 INFO Written out 6690000 reads
2019-07-09 16:07:33,720 INFO Written out 6700000 reads
2019-07-09 16:07:33,759 INFO Written out 6710000 reads
2019-07-09 16:07:33,803 INFO Written out 6720000 reads
2019-07-09 16:07:33,843 INFO Written out 6730000 reads
2019-07-09 16:07:33,882 INFO Written out 6740000 reads
2019-07-09 16:07:33,925 INFO Written out 6750000 reads
2019-07-09 16:07:33,961 INFO Written out 6760000 reads
2019-07-09 16:07:33,998 INFO Written out 6770000 reads
2019-07-09 16:07:34,034 INFO Written out 6780000 reads
2019-07-09 16:07:34,071 INFO Written out 6790000 reads
2019-07-09 16:07:34,109 INFO Written out 6800000 reads
2019-07-09 16:07:34,146 INFO Written out 6810000 reads
2019-07-09 16:07:34,182 INFO Written out 6820000 reads
2019-07-09 16:07:34,240 INFO Written out 6830000 reads
2019-07-09 16:07:34,280 INFO Written out 6840000 reads
2019-07-09 16:07:34,315 INFO Written out 6850000 reads
2019-07-09 16:07:34,352 INFO Written out 6860000 reads
2019-07-09 16:07:34,396 INFO Written out 6870000 reads
2019-07-09 16:07:34,432 INFO Written out 6880000 reads
2019-07-09 16:07:34,471 INFO Written out 6890000 reads
2019-07-09 16:07:34,510 INFO Written out 6900000 reads
2019-07-09 16:07:34,549 INFO Written out 6910000 reads
2019-07-09 16:07:34,585 INFO Written out 6920000 reads
2019-07-09 16:07:34,626 INFO Written out 6930000 reads
2019-07-09 16:07:34,663 INFO Written out 6940000 reads
2019-07-09 16:07:34,699 INFO Written out 6950000 reads
2019-07-09 16:07:34,743 INFO Written out 6960000 reads
2019-07-09 16:07:34,771 INFO Written out 6970000 reads
2019-07-09 16:07:34,809 INFO Written out 6980000 reads
2019-07-09 16:07:34,847 INFO Written out 6990000 reads
2019-07-09 16:07:34,885 INFO Parsed 7000000 input reads
2019-07-09 16:07:34,885 INFO Written out 7000000 reads
2019-07-09 16:07:34,927 INFO Written out 7010000 reads
2019-07-09 16:07:34,973 INFO Written out 7020000 reads
2019-07-09 16:07:35,010 INFO Written out 7030000 reads
2019-07-09 16:07:35,063 INFO Written out 7040000 reads
2019-07-09 16:07:35,122 INFO Written out 7050000 reads
2019-07-09 16:07:35,168 INFO Written out 7060000 reads
2019-07-09 16:07:35,212 INFO Written out 7070000 reads
2019-07-09 16:07:35,253 INFO Written out 7080000 reads
2019-07-09 16:07:35,293 INFO Written out 7090000 reads
2019-07-09 16:07:35,329 INFO Written out 7100000 reads
2019-07-09 16:07:35,369 INFO Written out 7110000 reads
2019-07-09 16:07:35,410 INFO Written out 7120000 reads
2019-07-09 16:07:35,453 INFO Written out 7130000 reads
2019-07-09 16:07:35,493 INFO Written out 7140000 reads
2019-07-09 16:07:35,530 INFO Written out 7150000 reads
2019-07-09 16:07:35,566 INFO Written out 7160000 reads
2019-07-09 16:07:35,602 INFO Written out 7170000 reads
2019-07-09 16:07:35,639 INFO Written out 7180000 reads
2019-07-09 16:07:35,675 INFO Written out 7190000 reads
2019-07-09 16:07:35,712 INFO Written out 7200000 reads
2019-07-09 16:07:35,748 INFO Written out 7210000 reads
2019-07-09 16:07:35,789 INFO Written out 7220000 reads
2019-07-09 16:07:35,826 INFO Written out 7230000 reads
2019-07-09 16:07:35,862 INFO Written out 7240000 reads
2019-07-09 16:07:35,902 INFO Written out 7250000 reads
2019-07-09 16:07:35,939 INFO Written out 7260000 reads
2019-07-09 16:07:35,979 INFO Written out 7270000 reads
2019-07-09 16:07:36,017 INFO Written out 7280000 reads
2019-07-09 16:07:36,054 INFO Written out 7290000 reads
2019-07-09 16:07:36,092 INFO Written out 7300000 reads
2019-07-09 16:07:36,132 INFO Written out 7310000 reads
2019-07-09 16:07:36,170 INFO Written out 7320000 reads
2019-07-09 16:07:36,212 INFO Written out 7330000 reads
2019-07-09 16:07:36,252 INFO Written out 7340000 reads
2019-07-09 16:07:36,294 INFO Written out 7350000 reads
2019-07-09 16:07:36,356 INFO Written out 7360000 reads
2019-07-09 16:07:36,398 INFO Written out 7370000 reads
2019-07-09 16:07:36,434 INFO Written out 7380000 reads
2019-07-09 16:07:36,468 INFO Written out 7390000 reads
2019-07-09 16:07:36,504 INFO Written out 7400000 reads
2019-07-09 16:07:36,542 INFO Written out 7410000 reads
2019-07-09 16:07:36,582 INFO Written out 7420000 reads
2019-07-09 16:07:36,624 INFO Written out 7430000 reads
2019-07-09 16:07:36,667 INFO Written out 7440000 reads
2019-07-09 16:07:36,708 INFO Written out 7450000 reads
2019-07-09 16:07:36,747 INFO Written out 7460000 reads
2019-07-09 16:07:36,784 INFO Written out 7470000 reads
2019-07-09 16:07:36,822 INFO Written out 7480000 reads
2019-07-09 16:07:36,860 INFO Written out 7490000 reads
2019-07-09 16:07:36,902 INFO Written out 7500000 reads
2019-07-09 16:07:36,946 INFO Written out 7510000 reads
2019-07-09 16:07:36,990 INFO Written out 7520000 reads
2019-07-09 16:07:37,033 INFO Written out 7530000 reads
2019-07-09 16:07:37,075 INFO Written out 7540000 reads
2019-07-09 16:07:37,117 INFO Written out 7550000 reads
2019-07-09 16:07:37,164 INFO Written out 7560000 reads
2019-07-09 16:07:37,202 INFO Written out 7570000 reads
2019-07-09 16:07:37,242 INFO Written out 7580000 reads
2019-07-09 16:07:37,280 INFO Written out 7590000 reads
2019-07-09 16:07:37,321 INFO Written out 7600000 reads
2019-07-09 16:07:37,361 INFO Written out 7610000 reads
2019-07-09 16:07:37,398 INFO Written out 7620000 reads
2019-07-09 16:07:37,436 INFO Written out 7630000 reads
2019-07-09 16:07:37,473 INFO Written out 7640000 reads
2019-07-09 16:07:37,511 INFO Written out 7650000 reads
2019-07-09 16:07:37,550 INFO Written out 7660000 reads
2019-07-09 16:07:37,590 INFO Written out 7670000 reads
2019-07-09 16:07:37,656 INFO Written out 7680000 reads
2019-07-09 16:07:37,705 INFO Written out 7690000 reads
2019-07-09 16:07:37,761 INFO Written out 7700000 reads
2019-07-09 16:07:37,804 INFO Written out 7710000 reads
2019-07-09 16:07:37,847 INFO Written out 7720000 reads
2019-07-09 16:07:37,890 INFO Written out 7730000 reads
2019-07-09 16:07:37,937 INFO Written out 7740000 reads
2019-07-09 16:07:37,984 INFO Written out 7750000 reads
2019-07-09 16:07:38,030 INFO Written out 7760000 reads
2019-07-09 16:07:38,071 INFO Written out 7770000 reads
2019-07-09 16:07:38,112 INFO Written out 7780000 reads
2019-07-09 16:07:38,156 INFO Written out 7790000 reads
2019-07-09 16:07:38,200 INFO Written out 7800000 reads
2019-07-09 16:07:38,242 INFO Written out 7810000 reads
2019-07-09 16:07:38,288 INFO Written out 7820000 reads
2019-07-09 16:07:38,330 INFO Written out 7830000 reads
2019-07-09 16:07:38,374 INFO Written out 7840000 reads
2019-07-09 16:07:38,418 INFO Written out 7850000 reads
2019-07-09 16:07:38,460 INFO Written out 7860000 reads
2019-07-09 16:07:38,496 INFO Written out 7870000 reads
2019-07-09 16:07:38,536 INFO Written out 7880000 reads
2019-07-09 16:07:38,575 INFO Written out 7890000 reads
2019-07-09 16:07:38,612 INFO Written out 7900000 reads
2019-07-09 16:07:38,652 INFO Written out 7910000 reads
2019-07-09 16:07:38,695 INFO Written out 7920000 reads
2019-07-09 16:07:38,736 INFO Written out 7930000 reads
2019-07-09 16:07:38,775 INFO Written out 7940000 reads
2019-07-09 16:07:38,814 INFO Written out 7950000 reads
2019-07-09 16:07:38,852 INFO Written out 7960000 reads
2019-07-09 16:07:38,892 INFO Written out 7970000 reads
2019-07-09 16:07:38,929 INFO Written out 7980000 reads
2019-07-09 16:07:38,971 INFO Written out 7990000 reads
2019-07-09 16:07:39,006 INFO Parsed 8000000 input reads
2019-07-09 16:07:39,008 INFO Written out 8000000 reads
2019-07-09 16:07:39,045 INFO Written out 8010000 reads
2019-07-09 16:07:39,082 INFO Written out 8020000 reads
2019-07-09 16:07:39,122 INFO Written out 8030000 reads
2019-07-09 16:07:39,161 INFO Written out 8040000 reads
2019-07-09 16:07:39,200 INFO Written out 8050000 reads
2019-07-09 16:07:39,237 INFO Written out 8060000 reads
2019-07-09 16:07:39,276 INFO Written out 8070000 reads
2019-07-09 16:07:39,315 INFO Written out 8080000 reads
2019-07-09 16:07:39,353 INFO Written out 8090000 reads
2019-07-09 16:07:39,390 INFO Written out 8100000 reads
2019-07-09 16:07:39,429 INFO Written out 8110000 reads
2019-07-09 16:07:39,470 INFO Written out 8120000 reads
2019-07-09 16:07:39,510 INFO Written out 8130000 reads
2019-07-09 16:07:39,551 INFO Written out 8140000 reads
2019-07-09 16:07:39,589 INFO Written out 8150000 reads
2019-07-09 16:07:39,627 INFO Written out 8160000 reads
2019-07-09 16:07:39,665 INFO Written out 8170000 reads
2019-07-09 16:07:39,705 INFO Written out 8180000 reads
2019-07-09 16:07:39,742 INFO Written out 8190000 reads
2019-07-09 16:07:39,795 INFO Written out 8200000 reads
2019-07-09 16:07:39,839 INFO Written out 8210000 reads
2019-07-09 16:07:39,877 INFO Written out 8220000 reads
2019-07-09 16:07:39,919 INFO Written out 8230000 reads
2019-07-09 16:07:39,959 INFO Written out 8240000 reads
2019-07-09 16:07:39,998 INFO Written out 8250000 reads
2019-07-09 16:07:40,037 INFO Written out 8260000 reads
2019-07-09 16:07:40,078 INFO Written out 8270000 reads
2019-07-09 16:07:40,117 INFO Written out 8280000 reads
2019-07-09 16:07:40,153 INFO Written out 8290000 reads
2019-07-09 16:07:40,192 INFO Written out 8300000 reads
2019-07-09 16:07:40,230 INFO Written out 8310000 reads
2019-07-09 16:07:40,271 INFO Written out 8320000 reads
2019-07-09 16:07:40,313 INFO Written out 8330000 reads
2019-07-09 16:07:40,353 INFO Written out 8340000 reads
2019-07-09 16:07:40,392 INFO Written out 8350000 reads
2019-07-09 16:07:40,429 INFO Written out 8360000 reads
2019-07-09 16:07:40,468 INFO Written out 8370000 reads
2019-07-09 16:07:40,508 INFO Written out 8380000 reads
2019-07-09 16:07:40,546 INFO Written out 8390000 reads
2019-07-09 16:07:40,585 INFO Written out 8400000 reads
2019-07-09 16:07:40,623 INFO Written out 8410000 reads
2019-07-09 16:07:40,662 INFO Written out 8420000 reads
2019-07-09 16:07:40,700 INFO Written out 8430000 reads
2019-07-09 16:07:40,740 INFO Written out 8440000 reads
2019-07-09 16:07:40,780 INFO Written out 8450000 reads
2019-07-09 16:07:40,817 INFO Written out 8460000 reads
2019-07-09 16:07:40,855 INFO Written out 8470000 reads
2019-07-09 16:07:40,889 INFO Written out 8480000 reads
2019-07-09 16:07:40,927 INFO Written out 8490000 reads
2019-07-09 16:07:40,962 INFO Written out 8500000 reads
2019-07-09 16:07:40,997 INFO Written out 8510000 reads
2019-07-09 16:07:41,035 INFO Written out 8520000 reads
2019-07-09 16:07:41,071 INFO Written out 8530000 reads
2019-07-09 16:07:41,106 INFO Written out 8540000 reads
2019-07-09 16:07:41,142 INFO Written out 8550000 reads
2019-07-09 16:07:41,182 INFO Written out 8560000 reads
2019-07-09 16:07:41,217 INFO Written out 8570000 reads
2019-07-09 16:07:41,253 INFO Written out 8580000 reads
2019-07-09 16:07:41,290 INFO Written out 8590000 reads
2019-07-09 16:07:41,327 INFO Written out 8600000 reads
2019-07-09 16:07:41,363 INFO Written out 8610000 reads
2019-07-09 16:07:41,399 INFO Written out 8620000 reads
2019-07-09 16:07:41,435 INFO Written out 8630000 reads
2019-07-09 16:07:41,472 INFO Written out 8640000 reads
2019-07-09 16:07:41,508 INFO Written out 8650000 reads
2019-07-09 16:07:41,545 INFO Written out 8660000 reads
2019-07-09 16:07:41,593 INFO Written out 8670000 reads
2019-07-09 16:07:41,653 INFO Written out 8680000 reads
2019-07-09 16:07:41,699 INFO Written out 8690000 reads
2019-07-09 16:07:41,737 INFO Written out 8700000 reads
2019-07-09 16:07:41,776 INFO Written out 8710000 reads
2019-07-09 16:07:41,812 INFO Written out 8720000 reads
2019-07-09 16:07:41,848 INFO Written out 8730000 reads
2019-07-09 16:07:41,886 INFO Written out 8740000 reads
2019-07-09 16:07:41,922 INFO Written out 8750000 reads
2019-07-09 16:07:41,958 INFO Written out 8760000 reads
2019-07-09 16:07:41,994 INFO Written out 8770000 reads
2019-07-09 16:07:42,030 INFO Written out 8780000 reads
2019-07-09 16:07:42,065 INFO Written out 8790000 reads
2019-07-09 16:07:42,102 INFO Written out 8800000 reads
2019-07-09 16:07:42,140 INFO Written out 8810000 reads
2019-07-09 16:07:42,176 INFO Written out 8820000 reads
2019-07-09 16:07:42,214 INFO Written out 8830000 reads
2019-07-09 16:07:42,249 INFO Written out 8840000 reads
2019-07-09 16:07:42,294 INFO Written out 8850000 reads
2019-07-09 16:07:42,325 INFO Written out 8860000 reads
2019-07-09 16:07:42,358 INFO Written out 8870000 reads
2019-07-09 16:07:42,393 INFO Written out 8880000 reads
2019-07-09 16:07:42,428 INFO Written out 8890000 reads
2019-07-09 16:07:42,464 INFO Written out 8900000 reads
2019-07-09 16:07:42,498 INFO Written out 8910000 reads
2019-07-09 16:07:42,536 INFO Written out 8920000 reads
2019-07-09 16:07:42,572 INFO Written out 8930000 reads
2019-07-09 16:07:42,609 INFO Written out 8940000 reads
2019-07-09 16:07:42,646 INFO Written out 8950000 reads
2019-07-09 16:07:42,681 INFO Written out 8960000 reads
2019-07-09 16:07:42,718 INFO Written out 8970000 reads
2019-07-09 16:07:42,755 INFO Written out 8980000 reads
2019-07-09 16:07:42,793 INFO Written out 8990000 reads
2019-07-09 16:07:42,829 INFO Parsed 9000000 input reads
2019-07-09 16:07:42,829 INFO Written out 9000000 reads
2019-07-09 16:07:42,867 INFO Written out 9010000 reads
2019-07-09 16:07:42,902 INFO Written out 9020000 reads
2019-07-09 16:07:42,939 INFO Written out 9030000 reads
2019-07-09 16:07:42,976 INFO Written out 9040000 reads
2019-07-09 16:07:43,011 INFO Written out 9050000 reads
2019-07-09 16:07:43,046 INFO Written out 9060000 reads
2019-07-09 16:07:43,082 INFO Written out 9070000 reads
2019-07-09 16:07:43,120 INFO Written out 9080000 reads
2019-07-09 16:07:43,162 INFO Written out 9090000 reads
2019-07-09 16:07:43,204 INFO Written out 9100000 reads
2019-07-09 16:07:43,248 INFO Written out 9110000 reads
2019-07-09 16:07:43,290 INFO Written out 9120000 reads
2019-07-09 16:07:43,333 INFO Written out 9130000 reads
2019-07-09 16:07:43,374 INFO Written out 9140000 reads
2019-07-09 16:07:43,426 INFO Written out 9150000 reads
2019-07-09 16:07:43,459 INFO Written out 9160000 reads
2019-07-09 16:07:43,504 INFO Written out 9170000 reads
2019-07-09 16:07:43,545 INFO Written out 9180000 reads
2019-07-09 16:07:43,588 INFO Written out 9190000 reads
2019-07-09 16:07:43,631 INFO Written out 9200000 reads
2019-07-09 16:07:43,676 INFO Written out 9210000 reads
2019-07-09 16:07:43,717 INFO Written out 9220000 reads
2019-07-09 16:07:43,760 INFO Written out 9230000 reads
2019-07-09 16:07:43,802 INFO Written out 9240000 reads
2019-07-09 16:07:43,845 INFO Written out 9250000 reads
2019-07-09 16:07:43,893 INFO Written out 9260000 reads
2019-07-09 16:07:43,937 INFO Written out 9270000 reads
2019-07-09 16:07:43,979 INFO Written out 9280000 reads
2019-07-09 16:07:44,023 INFO Written out 9290000 reads
2019-07-09 16:07:44,086 INFO Written out 9300000 reads
2019-07-09 16:07:44,140 INFO Written out 9310000 reads
2019-07-09 16:07:44,187 INFO Written out 9320000 reads
2019-07-09 16:07:44,229 INFO Written out 9330000 reads
2019-07-09 16:07:44,268 INFO Written out 9340000 reads
2019-07-09 16:07:44,308 INFO Written out 9350000 reads
2019-07-09 16:07:44,349 INFO Written out 9360000 reads
2019-07-09 16:07:44,386 INFO Written out 9370000 reads
2019-07-09 16:07:44,426 INFO Written out 9380000 reads
2019-07-09 16:07:44,466 INFO Written out 9390000 reads
2019-07-09 16:07:44,505 INFO Written out 9400000 reads
2019-07-09 16:07:44,541 INFO Written out 9410000 reads
2019-07-09 16:07:44,576 INFO Written out 9420000 reads
2019-07-09 16:07:44,614 INFO Written out 9430000 reads
2019-07-09 16:07:44,648 INFO Written out 9440000 reads
2019-07-09 16:07:44,685 INFO Written out 9450000 reads
2019-07-09 16:07:44,720 INFO Written out 9460000 reads
2019-07-09 16:07:44,756 INFO Written out 9470000 reads
2019-07-09 16:07:44,797 INFO Written out 9480000 reads
2019-07-09 16:07:44,830 INFO Written out 9490000 reads
2019-07-09 16:07:44,870 INFO Written out 9500000 reads
2019-07-09 16:07:44,909 INFO Written out 9510000 reads
2019-07-09 16:07:44,947 INFO Written out 9520000 reads
2019-07-09 16:07:44,983 INFO Written out 9530000 reads
2019-07-09 16:07:45,020 INFO Written out 9540000 reads
2019-07-09 16:07:45,057 INFO Written out 9550000 reads
2019-07-09 16:07:45,095 INFO Written out 9560000 reads
2019-07-09 16:07:45,133 INFO Written out 9570000 reads
2019-07-09 16:07:45,172 INFO Written out 9580000 reads
2019-07-09 16:07:45,206 INFO Written out 9590000 reads
2019-07-09 16:07:45,241 INFO Written out 9600000 reads
2019-07-09 16:07:45,278 INFO Written out 9610000 reads
2019-07-09 16:07:45,316 INFO Written out 9620000 reads
2019-07-09 16:07:45,351 INFO Written out 9630000 reads
2019-07-09 16:07:45,388 INFO Written out 9640000 reads
2019-07-09 16:07:45,427 INFO Written out 9650000 reads
2019-07-09 16:07:45,463 INFO Written out 9660000 reads
2019-07-09 16:07:45,499 INFO Written out 9670000 reads
2019-07-09 16:07:45,536 INFO Written out 9680000 reads
2019-07-09 16:07:45,574 INFO Written out 9690000 reads
2019-07-09 16:07:45,610 INFO Written out 9700000 reads
2019-07-09 16:07:45,649 INFO Written out 9710000 reads
2019-07-09 16:07:45,686 INFO Written out 9720000 reads
2019-07-09 16:07:45,724 INFO Written out 9730000 reads
2019-07-09 16:07:45,761 INFO Written out 9740000 reads
2019-07-09 16:07:45,798 INFO Written out 9750000 reads
2019-07-09 16:07:45,834 INFO Written out 9760000 reads
2019-07-09 16:07:45,871 INFO Written out 9770000 reads
2019-07-09 16:07:45,907 INFO Written out 9780000 reads
2019-07-09 16:07:45,943 INFO Written out 9790000 reads
2019-07-09 16:07:45,982 INFO Written out 9800000 reads
2019-07-09 16:07:46,019 INFO Written out 9810000 reads
2019-07-09 16:07:46,057 INFO Written out 9820000 reads
2019-07-09 16:07:46,095 INFO Written out 9830000 reads
2019-07-09 16:07:46,133 INFO Written out 9840000 reads
2019-07-09 16:07:46,170 INFO Written out 9850000 reads
2019-07-09 16:07:46,205 INFO Written out 9860000 reads
2019-07-09 16:07:46,242 INFO Written out 9870000 reads
2019-07-09 16:07:46,283 INFO Written out 9880000 reads
2019-07-09 16:07:46,328 INFO Written out 9890000 reads
2019-07-09 16:07:46,372 INFO Written out 9900000 reads
2019-07-09 16:07:46,414 INFO Written out 9910000 reads
2019-07-09 16:07:46,459 INFO Written out 9920000 reads
2019-07-09 16:07:46,501 INFO Written out 9930000 reads
2019-07-09 16:07:46,542 INFO Written out 9940000 reads
2019-07-09 16:07:46,590 INFO Written out 9950000 reads
2019-07-09 16:07:46,641 INFO Written out 9960000 reads
2019-07-09 16:07:46,684 INFO Written out 9970000 reads
2019-07-09 16:07:46,735 INFO Written out 9980000 reads
2019-07-09 16:07:46,777 INFO Written out 9990000 reads
2019-07-09 16:07:46,819 INFO Parsed 10000000 input reads
2019-07-09 16:07:46,819 INFO Written out 10000000 reads
2019-07-09 16:07:46,862 INFO Written out 10010000 reads
2019-07-09 16:07:46,906 INFO Written out 10020000 reads
2019-07-09 16:07:46,949 INFO Written out 10030000 reads
2019-07-09 16:07:46,997 INFO Written out 10040000 reads
2019-07-09 16:07:47,039 INFO Written out 10050000 reads
2019-07-09 16:07:47,083 INFO Written out 10060000 reads
2019-07-09 16:07:47,123 INFO Written out 10070000 reads
2019-07-09 16:07:47,166 INFO Written out 10080000 reads
2019-07-09 16:07:47,218 INFO Written out 10090000 reads
2019-07-09 16:07:47,259 INFO Written out 10100000 reads
2019-07-09 16:07:47,302 INFO Written out 10110000 reads
2019-07-09 16:07:47,346 INFO Written out 10120000 reads
2019-07-09 16:07:47,390 INFO Written out 10130000 reads
2019-07-09 16:07:47,431 INFO Written out 10140000 reads
2019-07-09 16:07:47,472 INFO Written out 10150000 reads
2019-07-09 16:07:47,514 INFO Written out 10160000 reads
2019-07-09 16:07:47,554 INFO Written out 10170000 reads
2019-07-09 16:07:47,594 INFO Written out 10180000 reads
2019-07-09 16:07:47,635 INFO Written out 10190000 reads
2019-07-09 16:07:47,675 INFO Written out 10200000 reads
2019-07-09 16:07:47,717 INFO Written out 10210000 reads
2019-07-09 16:07:47,758 INFO Written out 10220000 reads
2019-07-09 16:07:47,797 INFO Written out 10230000 reads
2019-07-09 16:07:47,838 INFO Written out 10240000 reads
2019-07-09 16:07:47,881 INFO Written out 10250000 reads
2019-07-09 16:07:47,920 INFO Written out 10260000 reads
2019-07-09 16:07:47,960 INFO Written out 10270000 reads
2019-07-09 16:07:48,001 INFO Written out 10280000 reads
2019-07-09 16:07:48,042 INFO Written out 10290000 reads
2019-07-09 16:07:48,084 INFO Written out 10300000 reads
2019-07-09 16:07:48,126 INFO Written out 10310000 reads
2019-07-09 16:07:48,171 INFO Written out 10320000 reads
2019-07-09 16:07:48,212 INFO Written out 10330000 reads
2019-07-09 16:07:48,255 INFO Written out 10340000 reads
2019-07-09 16:07:48,298 INFO Written out 10350000 reads
2019-07-09 16:07:48,340 INFO Written out 10360000 reads
2019-07-09 16:07:48,383 INFO Written out 10370000 reads
2019-07-09 16:07:48,426 INFO Written out 10380000 reads
2019-07-09 16:07:48,469 INFO Written out 10390000 reads
2019-07-09 16:07:48,511 INFO Written out 10400000 reads
2019-07-09 16:07:48,560 INFO Written out 10410000 reads
2019-07-09 16:07:48,599 INFO Written out 10420000 reads
2019-07-09 16:07:48,643 INFO Written out 10430000 reads
2019-07-09 16:07:48,688 INFO Written out 10440000 reads
2019-07-09 16:07:48,732 INFO Written out 10450000 reads
2019-07-09 16:07:48,775 INFO Written out 10460000 reads
2019-07-09 16:07:48,816 INFO Written out 10470000 reads
2019-07-09 16:07:48,858 INFO Written out 10480000 reads
2019-07-09 16:07:48,905 INFO Written out 10490000 reads
2019-07-09 16:07:48,947 INFO Written out 10500000 reads
2019-07-09 16:07:48,994 INFO Written out 10510000 reads
2019-07-09 16:07:49,034 INFO Written out 10520000 reads
2019-07-09 16:07:49,075 INFO Written out 10530000 reads
2019-07-09 16:07:49,119 INFO Written out 10540000 reads
2019-07-09 16:07:49,168 INFO Written out 10550000 reads
2019-07-09 16:07:49,208 INFO Written out 10560000 reads
2019-07-09 16:07:49,250 INFO Written out 10570000 reads
2019-07-09 16:07:49,303 INFO Written out 10580000 reads
2019-07-09 16:07:49,352 INFO Written out 10590000 reads
2019-07-09 16:07:49,396 INFO Written out 10600000 reads
2019-07-09 16:07:49,441 INFO Written out 10610000 reads
2019-07-09 16:07:49,486 INFO Written out 10620000 reads
2019-07-09 16:07:49,528 INFO Written out 10630000 reads
2019-07-09 16:07:49,569 INFO Written out 10640000 reads
2019-07-09 16:07:49,608 INFO Written out 10650000 reads
2019-07-09 16:07:49,644 INFO Written out 10660000 reads
2019-07-09 16:07:49,682 INFO Written out 10670000 reads
2019-07-09 16:07:49,718 INFO Written out 10680000 reads
2019-07-09 16:07:49,756 INFO Written out 10690000 reads
2019-07-09 16:07:49,794 INFO Written out 10700000 reads
2019-07-09 16:07:49,831 INFO Written out 10710000 reads
2019-07-09 16:07:49,869 INFO Written out 10720000 reads
2019-07-09 16:07:49,907 INFO Written out 10730000 reads
2019-07-09 16:07:49,944 INFO Written out 10740000 reads
2019-07-09 16:07:49,985 INFO Written out 10750000 reads
2019-07-09 16:07:50,025 INFO Written out 10760000 reads
2019-07-09 16:07:50,067 INFO Written out 10770000 reads
2019-07-09 16:07:50,109 INFO Written out 10780000 reads
2019-07-09 16:07:50,156 INFO Written out 10790000 reads
2019-07-09 16:07:50,197 INFO Written out 10800000 reads
2019-07-09 16:07:50,241 INFO Written out 10810000 reads
2019-07-09 16:07:50,279 INFO Written out 10820000 reads
2019-07-09 16:07:50,313 INFO Written out 10830000 reads
2019-07-09 16:07:50,352 INFO Written out 10840000 reads
2019-07-09 16:07:50,393 INFO Written out 10850000 reads
2019-07-09 16:07:50,436 INFO Written out 10860000 reads
2019-07-09 16:07:50,474 INFO Written out 10870000 reads
2019-07-09 16:07:50,510 INFO Written out 10880000 reads
2019-07-09 16:07:50,547 INFO Written out 10890000 reads
2019-07-09 16:07:50,587 INFO Written out 10900000 reads
2019-07-09 16:07:50,632 INFO Written out 10910000 reads
2019-07-09 16:07:50,684 INFO Written out 10920000 reads
2019-07-09 16:07:50,721 INFO Written out 10930000 reads
2019-07-09 16:07:50,758 INFO Written out 10940000 reads
2019-07-09 16:07:50,796 INFO Written out 10950000 reads
2019-07-09 16:07:50,836 INFO Written out 10960000 reads
2019-07-09 16:07:50,877 INFO Written out 10970000 reads
2019-07-09 16:07:50,914 INFO Written out 10980000 reads
2019-07-09 16:07:50,958 INFO Written out 10990000 reads
2019-07-09 16:07:50,998 INFO Parsed 11000000 input reads
2019-07-09 16:07:51,000 INFO Written out 11000000 reads
2019-07-09 16:07:51,042 INFO Written out 11010000 reads
2019-07-09 16:07:51,078 INFO Written out 11020000 reads
2019-07-09 16:07:51,117 INFO Written out 11030000 reads
2019-07-09 16:07:51,156 INFO Written out 11040000 reads
2019-07-09 16:07:51,194 INFO Written out 11050000 reads
2019-07-09 16:07:51,230 INFO Written out 11060000 reads
2019-07-09 16:07:51,270 INFO Written out 11070000 reads
2019-07-09 16:07:51,310 INFO Written out 11080000 reads
2019-07-09 16:07:51,346 INFO Written out 11090000 reads
2019-07-09 16:07:51,382 INFO Written out 11100000 reads
2019-07-09 16:07:51,419 INFO Written out 11110000 reads
2019-07-09 16:07:51,455 INFO Written out 11120000 reads
2019-07-09 16:07:51,492 INFO Written out 11130000 reads
2019-07-09 16:07:51,533 INFO Written out 11140000 reads
2019-07-09 16:07:51,569 INFO Written out 11150000 reads
2019-07-09 16:07:51,607 INFO Written out 11160000 reads
2019-07-09 16:07:51,641 INFO Written out 11170000 reads
2019-07-09 16:07:51,648 INFO Reads: Input Reads: 5773203, Read pairs: 5773203, < MAPQ threshold: 365581, Chimeric read pair: 29486, Read 2 unmapped: 4821, Read 1 unmapped: 1114
2019-07-09 16:07:51,648 INFO Number of reads out: 11171360, Number of groups: 243311
2019-07-09 16:07:51,648 INFO Total number of positions deduplicated: 196867
2019-07-09 16:07:51,648 INFO Mean number of unique UMIs per position: 1.58
2019-07-09 16:07:51,648 INFO Max. number of unique UMIs per position: 72
# job finished in 532 seconds at Tue Jul  9 16:07:51 2019 -- 68.86  4.42  0.00  0.00 -- c6e278e0-f477-4b23-9222-3bd614b83cf0
